<?xml version="1.0" encoding="UTF-8"?>
<testng-results ignored="0" total="1" passed="1" failed="0" skipped="0">
  <reporter-output>
  </reporter-output>
  <suite started-at="2026-06-06T12:10:55 IST" name="Default suite" finished-at="2026-06-06T12:10:56 IST" duration-ms="228">
    <groups>
      <group name="cucumber">
        <method signature="AbstractTestNGCucumberTests.runScenario(io.cucumber.testng.PickleWrapper,io.cucumber.testng.FeatureWrapper)[pri:0, instance:CucumberOptions.testNGRunner@5e0826e7]" name="runScenario" class="io.cucumber.testng.AbstractTestNGCucumberTests"/>
      </group> <!-- cucumber -->
    </groups>
    <test started-at="2026-06-06T12:10:55 IST" name="Default test" finished-at="2026-06-06T12:10:56 IST" duration-ms="228">
      <class name="CucumberOptions.testNGRunner">
        <test-method is-config="true" signature="setUpClass(org.testng.ITestContext)[pri:0, instance:CucumberOptions.testNGRunner@5e0826e7]" started-at="2026-06-06T12:10:55 IST" name="setUpClass" finished-at="2026-06-06T12:10:56 IST" duration-ms="137" status="PASS">
          <params>
            <param index="0">
              <value>
                <![CDATA[org.testng.TestRunner@38aa816f]]>
              </value>
            </param>
          </params>
          <reporter-output>
          </reporter-output>
        </test-method> <!-- setUpClass -->
        <test-method signature="runScenario(io.cucumber.testng.PickleWrapper,io.cucumber.testng.FeatureWrapper)[pri:0, instance:CucumberOptions.testNGRunner@5e0826e7]" started-at="2026-06-06T12:10:56 IST" name="runScenario" description="Runs Cucumber Scenarios" data-provider="scenarios" finished-at="2026-06-06T12:10:56 IST" duration-ms="60" status="PASS">
          <params>
            <param index="0">
              <value>
                <![CDATA["Admin page default login"]]>
              </value>
            </param>
            <param index="1">
              <value>
                <![CDATA["Application login"]]>
              </value>
            </param>
          </params>
          <reporter-output>
          </reporter-output>
        </test-method> <!-- runScenario -->
        <test-method is-config="true" signature="tearDownClass()[pri:0, instance:CucumberOptions.testNGRunner@5e0826e7]" started-at="2026-06-06T12:10:56 IST" name="tearDownClass" finished-at="2026-06-06T12:10:56 IST" duration-ms="3" status="PASS">
          <reporter-output>
          </reporter-output>
        </test-method> <!-- tearDownClass -->
      </class> <!-- CucumberOptions.testNGRunner -->
    </test> <!-- Default test -->
  </suite> <!-- Default suite -->
</testng-results>
